Failed to add the host to the list of known hosts (/homes/y/yakubumu/.ssh/known_hosts.d/ug250.eecg.utoronto.ca).
cc -MM *.c > .depend
cc -g -Wall -Werror   -c -o server.o server.c
cc -g -Wall -Werror   -c -o server_thread.o server_thread.c
cc -g -Wall -Werror   -c -o request.o request.c
cc -g -Wall -Werror   -c -o common.o common.c
cc   server.o server_thread.o request.o common.o -lm -lpthread -lpopt  -o server
cc -g -Wall -Werror   -c -o client_simple.o client_simple.c
cc   client_simple.o common.o -lm -lpthread -lpopt  -o client_simple
cc -g -Wall -Werror   -c -o client.o client.c
cc   client.o common.o -lm -lpthread -lpopt  -o client
cc -g -Wall -Werror   -c -o fileset.o fileset.c
cc   fileset.o common.o -lm -lpthread -lpopt  -o fileset
Running: /cad2/ece344f/tester/scripts/lab5-01-webserver.py 
webserver test
starting server at port 18494
plot-cachesize.out: run time with   262144 cache size is  0.12. We expect it to lie in between  0.12 and  0.14.
Mark for webserver test is 12 out of 14
FAIL

You have received 12 marks out of a total of 14 marks.
